<?xml version="1.0" encoding="UTF-8"?>
<!-- Generated by org.testng.reporters.JUnitXMLReporter -->
<testsuite ignored="0" hostname="LAPTOP-J7IILEPI" failures="0" tests="2" name="Test_Chrome" time="0.074" errors="0" timestamp="2023-09-15T18:18:17 IST">
  <testcase classname="POM_DDF_TestNG_BaseClass_UtilityClass.Adactin_Test_Class" name="@BeforeClass openbrowser" time="-1.694782097028E9">
    <failure type="org.testng.TestNGException" message="
Parameter &amp;apos;browseName&amp;apos; is required by BeforeClass on method openbrowser but has not been marked @Optional or defined
in C:\Users\Compaid_Asus\eclipse-workspace\Test_NG\POM_DDF_TestNG_BaseClass_Utility_Class.xml">
      <![CDATA[org.testng.TestNGException: 
Parameter 'browseName' is required by BeforeClass on method openbrowser but has not been marked @Optional or defined
in C:\Users\Compaid_Asus\eclipse-workspace\Test_NG\POM_DDF_TestNG_BaseClass_Utility_Class.xml
at java.base/java.util.ArrayList.forEach(ArrayList.java:1511)
at java.base/java.util.concurrent.FutureTask.run(FutureTask.java:264)
at java.base/java.util.concurrent.ThreadPoolExecutor.runWorker(ThreadPoolExecutor.java:1136)
at java.base/java.util.concurrent.ThreadPoolExecutor$Worker.run(ThreadPoolExecutor.java:635)
at java.base/java.lang.Thread.run(Thread.java:833)
... Removed 12 stack frames]]>
    </failure>
  </testcase> <!-- @BeforeClass openbrowser -->
  <testcase classname="POM_DDF_TestNG_BaseClass_UtilityClass.Adactin_Test_Class" name="@BeforeClass openbrowser" time="-1.694782097028E9">
    <failure type="org.testng.TestNGException" message="
Parameter &amp;apos;browseName&amp;apos; is required by BeforeClass on method openbrowser but has not been marked @Optional or defined
in C:\Users\Compaid_Asus\eclipse-workspace\Test_NG\POM_DDF_TestNG_BaseClass_Utility_Class.xml">
      <![CDATA[org.testng.TestNGException: 
Parameter 'browseName' is required by BeforeClass on method openbrowser but has not been marked @Optional or defined
in C:\Users\Compaid_Asus\eclipse-workspace\Test_NG\POM_DDF_TestNG_BaseClass_Utility_Class.xml
at java.base/java.util.ArrayList.forEach(ArrayList.java:1511)
at java.base/java.util.concurrent.FutureTask.run(FutureTask.java:264)
at java.base/java.util.concurrent.ThreadPoolExecutor.runWorker(ThreadPoolExecutor.java:1136)
at java.base/java.util.concurrent.ThreadPoolExecutor$Worker.run(ThreadPoolExecutor.java:635)
at java.base/java.lang.Thread.run(Thread.java:833)
... Removed 12 stack frames]]>
    </failure>
  </testcase> <!-- @BeforeClass openbrowser -->
  <testcase classname="POM_DDF_TestNG_BaseClass_UtilityClass.Adactin_Test_Class" name="@BeforeMethod logintoApp" time="0.0">
    <skipped/>
  </testcase> <!-- @BeforeMethod logintoApp -->
  <testcase classname="POM_DDF_TestNG_BaseClass_UtilityClass.Adactin_Test_Class" name="@BeforeMethod logintoApp" time="0.0">
    <skipped/>
  </testcase> <!-- @BeforeMethod logintoApp -->
  <testcase classname="POM_DDF_TestNG_BaseClass_UtilityClass.Adactin_Test_Class" name="@AfterMethod logoutFromApp" time="0.0">
    <skipped/>
  </testcase> <!-- @AfterMethod logoutFromApp -->
  <testcase classname="POM_DDF_TestNG_BaseClass_UtilityClass.Adactin_Test_Class" name="@AfterMethod logoutFromApp" time="0.0">
    <skipped/>
  </testcase> <!-- @AfterMethod logoutFromApp -->
  <testcase classname="POM_DDF_TestNG_BaseClass_UtilityClass.Adactin_Test_Class" name="@BeforeMethod logintoApp" time="0.0">
    <skipped/>
  </testcase> <!-- @BeforeMethod logintoApp -->
  <testcase classname="POM_DDF_TestNG_BaseClass_UtilityClass.Adactin_Test_Class" name="@BeforeMethod logintoApp" time="0.0">
    <skipped/>
  </testcase> <!-- @BeforeMethod logintoApp -->
  <testcase classname="POM_DDF_TestNG_BaseClass_UtilityClass.Adactin_Test_Class" name="@AfterMethod logoutFromApp" time="0.0">
    <skipped/>
  </testcase> <!-- @AfterMethod logoutFromApp -->
  <testcase classname="POM_DDF_TestNG_BaseClass_UtilityClass.Adactin_Test_Class" name="@AfterMethod logoutFromApp" time="0.0">
    <skipped/>
  </testcase> <!-- @AfterMethod logoutFromApp -->
  <testcase classname="POM_DDF_TestNG_BaseClass_UtilityClass.Adactin_Test_Class" name="@AfterClass closebrowser" time="0.0">
    <skipped/>
  </testcase> <!-- @AfterClass closebrowser -->
  <testcase classname="POM_DDF_TestNG_BaseClass_UtilityClass.Adactin_Test_Class" name="@AfterClass closebrowser" time="0.0">
    <skipped/>
  </testcase> <!-- @AfterClass closebrowser -->
  <testcase classname="POM_DDF_TestNG_BaseClass_UtilityClass.Adactin_Test_Class" name="verifyUsername" time="0.0">
    <skipped/>
  </testcase> <!-- verifyUsername -->
  <testcase classname="POM_DDF_TestNG_BaseClass_UtilityClass.Adactin_Test_Class" name="getTitleOfApp" time="0.001">
    <skipped/>
  </testcase> <!-- getTitleOfApp -->
</testsuite> <!-- Test_Chrome -->
